Case #1:
c..
...
...
...
...
...
...
...
...
...
...
...
...
...
...
...
...
...
...
...
...
...
...
...
...
...
...
...
...
...
...
...
...
...
...
...
...
...
...
...
...
...
...
...
...
...
...
..*
..*
..*
Case #2:
c
*
*
*
*
*
*
*
*
*
*
*
*
*
*
*
*
*
*
*
*
*
*
*
*
*
*
*
*
*
*
*
*
*
*
*
*
*
*
*
*
*
*
*
*
*
*
*
*
*
Case #3:
c.................................................
..................................................
..................................................
Case #4:
c.................................................
..................................................
.................................................*
Case #5:
Impossible
Case #6:
c..***********************************************
...***********************************************
..************************************************
..************************************************
..************************************************
..************************************************
..************************************************
..************************************************
..************************************************
..************************************************
..************************************************
..************************************************
..************************************************
..************************************************
..************************************************
..************************************************
..************************************************
..************************************************
..************************************************
..************************************************
..************************************************
..************************************************
..************************************************
**************************************************
**************************************************
**************************************************
**************************************************
**************************************************
**************************************************
**************************************************
**************************************************
**************************************************
**************************************************
**************************************************
**************************************************
**************************************************
**************************************************
**************************************************
**************************************************
**************************************************
**************************************************
**************************************************
**************************************************
**************************************************
**************************************************
**************************************************
**************************************************
**************************************************
**************************************************
**************************************************
Case #7:
c.
..
..
..
..
..
..
..
..
..
..
..
..
..
..
..
..
..
..
..
..
..
..
..
..
..
..
..
..
..
..
..
..
..
..
..
..
..
..
..
..
..
..
..
..
..
..
..
**
**
Case #8:
c................................................*
.................................................*
...............................................***
Case #9:
c..
...
...
...
...
..*
..*
..*
..*
..*
..*
..*
..*
..*
..*
..*
..*
..*
..*
..*
..*
..*
..*
..*
..*
..*
..*
..*
..*
..*
..*
..*
..*
..*
..*
..*
..*
..*
..*
..*
..*
..*
..*
..*
..*
..*
..*
..*
..*
..*
Case #10:
c.................................................
..................................................
.................................................*
.................................................*
.................................................*
.................................................*
.................................................*
.................................................*
.................................................*
.................................................*
.................................................*
.................................................*
.................................................*
.................................................*
.................................................*
.................................................*
.................................................*
.................................................*
.................................................*
.................................................*
.................................................*
.................................................*
.................................................*
.................................................*
.................................................*
.................................................*
.................................................*
.................................................*
.................................................*
.................................................*
.................................................*
.................................................*
.................................................*
.................................................*
.................................................*
.................................................*
.................................................*
.................................................*
.................................................*
.................................................*
.................................................*
.................................................*
.................................................*
.................................................*
.................................................*
.................................................*
.................................................*
.................................................*
.................................................*
................................................**
Case #11:
Impossible
Case #12:
c..........................***********************
...........................***********************
Case #13:
Impossible
Case #14:
c..***********************************************
...***********************************************
...***********************************************
**************************************************
**************************************************
**************************************************
**************************************************
**************************************************
**************************************************
**************************************************
**************************************************
**************************************************
**************************************************
**************************************************
**************************************************
**************************************************
**************************************************
**************************************************
**************************************************
**************************************************
**************************************************
**************************************************
**************************************************
**************************************************
**************************************************
**************************************************
**************************************************
**************************************************
**************************************************
**************************************************
**************************************************
**************************************************
**************************************************
**************************************************
**************************************************
**************************************************
**************************************************
**************************************************
**************************************************
**************************************************
**************************************************
**************************************************
**************************************************
**************************************************
**************************************************
**************************************************
**************************************************
**************************************************
**************************************************
**************************************************
Case #15:
c.
..
..
..
..
..
..
..
..
..
..
..
..
..
..
..
..
..
..
..
..
..
..
..
..
..
..
..
**
**
**
**
**
**
**
**
**
**
**
**
**
**
**
**
**
**
**
**
**
**
Case #16:
c......
.......
......*
.....**
Case #17:
c..***********************************************
Case #18:
Impossible
Case #19:
c.................................................
..................................................
..................................................
..................................................
..................................................
..................................................
..................................................
..................................................
..................................................
..................................................
..................................................
..................................................
..................................................
..................................................
..................................................
..................................................
..................................................
..................................................
..................................................
..................................................
..................................................
..................................................
..................................................
..................................................
..................................................
..................................................
..................................................
..................................................
..................................................
..................................................
..................................................
..................................................
..................................................
..................................................
..................................................
..................................................
..................................................
..................................................
..................................................
..................................................
..................................................
..................................................
..................................................
..................................................
..................................................
..................................................
..................................................
.................................................*
.................................................*
.................................................*
Case #20:
c..
...
...
..*
..*
..*
..*
..*
..*
..*
..*
..*
..*
..*
..*
..*
..*
..*
..*
..*
..*
..*
..*
..*
..*
..*
..*
..*
..*
..*
..*
..*
..*
..*
..*
..*
..*
..*
..*
..*
..*
..*
..*
..*
..*
..*
..*
..*
..*
..*
Case #21:
c..............................................***
Case #22:
c.................................................
Case #23:
c*************************************************
Case #24:
c...
....
...*
****
Case #25:
c..
...
***
Case #26:
c................................................*
Case #27:
c...................................**************
....................................**************
..................................****************
Case #28:
c.............................................****
..............................................****
.............................................*****
.............................................*****
.............................................*****
.............................................*****
.............................................*****
.............................................*****
.............................................*****
.............................................*****
.............................................*****
.............................................*****
.............................................*****
.............................................*****
.............................................*****
.............................................*****
.............................................*****
.............................................*****
.............................................*****
.............................................*****
.............................................*****
.............................................*****
.............................................*****
.............................................*****
.............................................*****
.............................................*****
.............................................*****
.............................................*****
.............................................*****
.............................................*****
.............................................*****
.............................................*****
.............................................*****
.............................................*****
.............................................*****
.............................................*****
.............................................*****
.............................................*****
.............................................*****
.............................................*****
.............................................*****
.............................................*****
.............................................*****
.............................................*****
.............................................*****
.............................................*****
.............................................*****
.............................................*****
.............................................*****
.........................................*********
Case #29:
c...................................**************
....................................**************
...................................***************
Case #30:
c..
...
..*
..*
..*
..*
..*
..*
..*
..*
..*
..*
..*
..*
..*
..*
..*
..*
..*
..*
..*
..*
..*
..*
..*
..*
..*
..*
..*
..*
..*
..*
..*
..*
..*
..*
..*
..*
..*
..*
..*
..*
..*
..*
..*
..*
..*
..*
..*
..*
Case #31:
c..
...
...
...
...
...
...
...
..*
..*
..*
..*
..*
..*
..*
..*
..*
..*
..*
..*
..*
..*
..*
..*
..*
..*
..*
..*
..*
..*
..*
..*
..*
..*
..*
..*
..*
..*
..*
..*
..*
..*
..*
..*
..*
..*
..*
..*
..*
..*
Case #32:
c.................................................
..................................................
.................................................*
.................................................*
.................................................*
.................................................*
.................................................*
.................................................*
.................................................*
.................................................*
.................................................*
.................................................*
.................................................*
.................................................*
.................................................*
.................................................*
.................................................*
.................................................*
.................................................*
.................................................*
.................................................*
.................................................*
.................................................*
.................................................*
.................................................*
.................................................*
.................................................*
.................................................*
.................................................*
.................................................*
.................................................*
.................................................*
.................................................*
.................................................*
.................................................*
.................................................*
.................................................*
.................................................*
.................................................*
.................................................*
.................................................*
.................................................*
.................................................*
.................................................*
.................................................*
.................................................*
.................................................*
.................................................*
.................................................*
..............................................****
Case #33:
c.................................................
..................................................
.................................................*
.................................................*
.................................................*
.................................................*
.................................................*
.................................................*
.................................................*
.................................................*
.................................................*
.................................................*
.................................................*
.................................................*
.................................................*
.................................................*
.................................................*
.................................................*
.................................................*
.................................................*
.................................................*
.................................................*
.................................................*
.................................................*
.................................................*
.................................................*
.................................................*
.................................................*
.................................................*
.................................................*
.................................................*
.................................................*
.................................................*
.................................................*
.................................................*
.................................................*
.................................................*
.................................................*
.................................................*
.................................................*
.................................................*
.................................................*
.................................................*
.................................................*
.................................................*
.................................................*
.................................................*
.................................................*
.................................................*
.............................................*****
Case #34:
c...
....
....
...*
Case #35:
c.................................****************
..................................****************
.................................*****************
Case #36:
Impossible
Case #37:
Impossible
Case #38:
Impossible
Case #39:
c.................................................
..................................................
...............................................***
Case #40:
c..***********************************************
...***********************************************
**************************************************
**************************************************
**************************************************
**************************************************
**************************************************
**************************************************
**************************************************
**************************************************
**************************************************
**************************************************
**************************************************
**************************************************
**************************************************
**************************************************
**************************************************
**************************************************
**************************************************
**************************************************
**************************************************
**************************************************
**************************************************
**************************************************
**************************************************
**************************************************
**************************************************
**************************************************
**************************************************
**************************************************
**************************************************
**************************************************
**************************************************
**************************************************
**************************************************
**************************************************
**************************************************
**************************************************
**************************************************
**************************************************
**************************************************
**************************************************
**************************************************
**************************************************
**************************************************
**************************************************
**************************************************
**************************************************
**************************************************
**************************************************
Case #41:
c...**********************************************
....**********************************************
...***********************************************
...***********************************************
...***********************************************
...***********************************************
...***********************************************
...***********************************************
...***********************************************
...***********************************************
...***********************************************
...***********************************************
...***********************************************
...***********************************************
...***********************************************
...***********************************************
...***********************************************
...***********************************************
...***********************************************
...***********************************************
...***********************************************
...***********************************************
...***********************************************
...***********************************************
...***********************************************
...***********************************************
...***********************************************
...***********************************************
...***********************************************
...***********************************************
...***********************************************
...***********************************************
...***********************************************
**************************************************
**************************************************
**************************************************
**************************************************
**************************************************
**************************************************
**************************************************
**************************************************
**************************************************
**************************************************
**************************************************
**************************************************
**************************************************
**************************************************
**************************************************
**************************************************
**************************************************
Case #42:
Impossible
Case #43:
c.
..
..
..
..
..
..
..
..
..
..
..
..
..
..
..
..
..
..
..
..
..
..
..
..
..
..
..
..
**
**
**
**
**
**
**
**
**
**
**
**
**
**
**
**
**
**
**
**
**
Case #44:
c..
...
...
...
...
...
...
...
...
...
...
...
...
...
...
...
...
...
...
...
...
...
...
...
...
...
...
...
...
...
...
...
...
...
...
...
...
...
...
...
...
...
...
...
...
...
..*
..*
..*
..*
Case #45:
c...............................................**
Case #46:
c...
....
...*
...*
Case #47:
c.*
..*
***
Case #48:
c..***********************************************
...***********************************************
..************************************************
..************************************************
**************************************************
**************************************************
**************************************************
**************************************************
**************************************************
**************************************************
**************************************************
**************************************************
**************************************************
**************************************************
**************************************************
**************************************************
**************************************************
**************************************************
**************************************************
**************************************************
**************************************************
**************************************************
**************************************************
**************************************************
**************************************************
**************************************************
**************************************************
**************************************************
**************************************************
**************************************************
**************************************************
**************************************************
**************************************************
**************************************************
**************************************************
**************************************************
**************************************************
**************************************************
**************************************************
**************************************************
**************************************************
**************************************************
**************************************************
**************************************************
**************************************************
**************************************************
**************************************************
**************************************************
**************************************************
**************************************************
Case #49:
c..
...
...
..*
..*
..*
..*
..*
..*
..*
..*
..*
..*
..*
..*
..*
..*
..*
..*
..*
..*
..*
..*
..*
..*
..*
..*
..*
..*
..*
..*
..*
..*
..*
..*
..*
..*
..*
..*
..*
..*
..*
..*
..*
..*
..*
..*
..*
..*
***
Case #50:
Impossible
Case #51:
c.........................************************
..........................************************
Case #52:
c...**********************************************
....**********************************************
...***********************************************
...***********************************************
...***********************************************
...***********************************************
...***********************************************
...***********************************************
...***********************************************
...***********************************************
...***********************************************
...***********************************************
...***********************************************
...***********************************************
...***********************************************
..************************************************
**************************************************
**************************************************
**************************************************
**************************************************
**************************************************
**************************************************
**************************************************
**************************************************
**************************************************
**************************************************
**************************************************
**************************************************
**************************************************
**************************************************
**************************************************
**************************************************
**************************************************
**************************************************
**************************************************
**************************************************
**************************************************
**************************************************
**************************************************
**************************************************
**************************************************
**************************************************
**************************************************
**************************************************
**************************************************
**************************************************
**************************************************
**************************************************
**************************************************
**************************************************
Case #53:
c..
...
..*
Case #54:
Impossible
Case #55:
c..................................***************
...................................***************
................................******************
Case #56:
c**
***
***
Case #57:
c.
..
..
..
..
..
..
..
..
..
..
..
..
..
..
..
..
..
..
..
..
..
..
..
..
..
**
**
**
**
**
**
**
**
**
**
**
**
**
**
**
**
**
**
**
**
**
**
**
**
Case #58:
Impossible
Case #59:
c
.
*
Case #60:
c*************************************************
**************************************************
**************************************************
**************************************************
**************************************************
**************************************************
**************************************************
**************************************************
**************************************************
**************************************************
**************************************************
**************************************************
**************************************************
**************************************************
**************************************************
**************************************************
**************************************************
**************************************************
**************************************************
**************************************************
**************************************************
**************************************************
**************************************************
**************************************************
**************************************************
**************************************************
**************************************************
**************************************************
**************************************************
**************************************************
**************************************************
**************************************************
**************************************************
**************************************************
**************************************************
**************************************************
**************************************************
**************************************************
**************************************************
**************************************************
**************************************************
**************************************************
**************************************************
**************************************************
**************************************************
**************************************************
**************************************************
**************************************************
**************************************************
**************************************************
Case #61:
Impossible
Case #62:
c.************************************************
Case #63:
c..*
...*
..**
..**
Case #64:
c.
..
..
..
..
..
..
..
..
..
..
..
..
..
..
..
..
..
..
..
..
..
..
..
..
..
..
..
..
..
..
..
..
..
..
..
..
..
..
..
..
..
..
..
..
..
..
..
..
**
Case #65:
c..
...
...
...
...
...
...
...
...
...
...
...
...
...
...
...
...
...
...
...
...
...
...
...
...
...
...
...
...
...
...
...
...
...
...
...
...
...
...
...
...
...
...
...
...
...
...
...
...
..*
Case #66:
c..*
...*
..**
****
Case #67:
c
.
*
*
*
*
*
*
*
*
*
*
*
*
*
*
*
*
*
*
*
*
*
*
*
*
*
*
*
*
*
*
*
*
*
*
*
*
*
*
*
*
*
*
*
*
*
*
*
*
Case #68:
c.**
..**
****
****
Case #69:
Impossible
Case #70:
c..***********************************************
...***********************************************
..************************************************
..************************************************
..************************************************
..************************************************
..************************************************
..************************************************
..************************************************
..************************************************
..************************************************
..************************************************
..************************************************
..************************************************
..************************************************
..************************************************
..************************************************
..************************************************
..************************************************
..************************************************
..************************************************
..************************************************
..************************************************
..************************************************
**************************************************
**************************************************
**************************************************
**************************************************
**************************************************
**************************************************
**************************************************
**************************************************
**************************************************
**************************************************
**************************************************
**************************************************
**************************************************
**************************************************
**************************************************
**************************************************
**************************************************
**************************************************
**************************************************
**************************************************
**************************************************
**************************************************
**************************************************
**************************************************
**************************************************
**************************************************
Case #71:
c..................................***************
...................................***************
.................................*****************
Case #72:
c.............................................****
..............................................****
.............................................*****
.............................................*****
.............................................*****
.............................................*****
.............................................*****
.............................................*****
.............................................*****
.............................................*****
.............................................*****
.............................................*****
.............................................*****
.............................................*****
.............................................*****
.............................................*****
.............................................*****
.............................................*****
.............................................*****
.............................................*****
.............................................*****
.............................................*****
.............................................*****
.............................................*****
.............................................*****
.............................................*****
.............................................*****
.............................................*****
.............................................*****
.............................................*****
.............................................*****
.............................................*****
.............................................*****
.............................................*****
.............................................*****
.............................................*****
.............................................*****
.............................................*****
.............................................*****
.............................................*****
.............................................*****
.............................................*****
.............................................*****
.............................................*****
.............................................*****
.............................................*****
.............................................*****
.............................................*****
.............................................*****
..........................................********
Case #73:
c...
....
...*
..**
Case #74:
c
.
.
*
*
*
*
*
*
*
*
*
*
*
*
*
*
*
*
*
*
*
*
*
*
*
*
*
*
*
*
*
*
*
*
*
*
*
*
*
*
*
*
*
*
*
*
*
*
*
Case #75:
c................................................*
.................................................*
Case #76:
Impossible
Case #77:
c..
...
...
Case #78:
Impossible
Case #79:
c..***********************************************
...***********************************************
..************************************************
..************************************************
..************************************************
..************************************************
..************************************************
..************************************************
..************************************************
..************************************************
..************************************************
..************************************************
..************************************************
..************************************************
..************************************************
..************************************************
..************************************************
..************************************************
..************************************************
..************************************************
..************************************************
..************************************************
..************************************************
..************************************************
..************************************************
..************************************************
..************************************************
..************************************************
..************************************************
..************************************************
..************************************************
..************************************************
..************************************************
..************************************************
..************************************************
..************************************************
..************************************************
..************************************************
..************************************************
..************************************************
..************************************************
..************************************************
..************************************************
..************************************************
..************************************************
..************************************************
..************************************************
..************************************************
..************************************************
**************************************************
Case #80:
Impossible
Case #81:
c..
...
...
...
...
...
...
...
...
...
...
...
...
...
...
...
...
...
...
...
...
...
...
...
...
...
...
...
...
...
...
...
...
...
...
...
...
...
...
...
...
...
...
...
...
...
...
...
...
...
Case #82:
c..***********************************************
...***********************************************
..************************************************
..************************************************
..************************************************
..************************************************
..************************************************
..************************************************
..************************************************
..************************************************
..************************************************
..************************************************
..************************************************
..************************************************
..************************************************
..************************************************
..************************************************
..************************************************
..************************************************
..************************************************
..************************************************
..************************************************
..************************************************
..************************************************
..************************************************
..************************************************
..************************************************
..************************************************
..************************************************
..************************************************
..************************************************
..************************************************
..************************************************
..************************************************
..************************************************
..************************************************
..************************************************
..************************************************
..************************************************
..************************************************
..************************************************
..************************************************
..************************************************
..************************************************
..************************************************
..************************************************
..************************************************
..************************************************
..************************************************
..************************************************
Case #83:
c............................*********************
.............................*********************
Case #84:
c..*
...*
****
****
Case #85:
c....................................*************
.....................................*************
..................................****************
Case #86:
c.................................................
..................................................
Case #87:
c.
..
..
..
..
..
..
..
..
..
..
..
..
..
..
..
..
..
..
..
..
..
..
..
..
..
..
**
**
**
**
**
**
**
**
**
**
**
**
**
**
**
**
**
**
**
**
**
**
**
Case #88:
c..................................***************
...................................***************
..................................****************
Case #89:
Impossible
Case #90:
c
.
.
.
.
.
.
.
.
.
.
.
.
.
.
.
.
.
.
.
.
.
.
.
.
.
.
.
.
.
.
.
.
.
.
.
.
.
.
.
.
.
.
.
.
.
.
.
.
*
Case #91:
c..*******
...*******
..********
..********
..********
..********
..********
..********
**********
**********
Case #92:
c.............................................****
..............................................****
.............................................*****
.............................................*****
.............................................*****
.............................................*****
.............................................*****
.............................................*****
.............................................*****
.............................................*****
.............................................*****
.............................................*****
.............................................*****
.............................................*****
.............................................*****
.............................................*****
.............................................*****
.............................................*****
.............................................*****
.............................................*****
.............................................*****
.............................................*****
.............................................*****
.............................................*****
.............................................*****
.............................................*****
.............................................*****
.............................................*****
.............................................*****
.............................................*****
.............................................*****
.............................................*****
.............................................*****
.............................................*****
.............................................*****
.............................................*****
.............................................*****
.............................................*****
.............................................*****
.............................................*****
.............................................*****
.............................................*****
.............................................*****
.............................................*****
.............................................*****
.............................................*****
.............................................*****
.............................................*****
.............................................*****
...........................................*******
Case #93:
c.................................................
..................................................
..................................................
..................................................
..................................................
..................................................
..................................................
..................................................
..................................................
..................................................
..................................................
..................................................
..................................................
..................................................
..................................................
..................................................
..................................................
..................................................
..................................................
..................................................
..................................................
..................................................
..................................................
..................................................
..................................................
..................................................
..................................................
..................................................
..................................................
..................................................
..................................................
..................................................
..................................................
..................................................
..................................................
..................................................
..................................................
..................................................
..................................................
..................................................
..................................................
..................................................
..................................................
..................................................
..................................................
..................................................
..................................................
..................................................
.................................................*
.................................................*
Case #94:
c..
...
...
...
...
...
...
...
...
...
...
...
...
...
...
...
...
...
...
...
...
...
...
...
...
...
...
...
...
...
...
...
...
...
...
...
...
...
...
...
...
...
...
...
...
..*
..*
..*
..*
..*
Case #95:
c..
...
...
...
...
...
...
...
...
...
...
...
...
...
...
...
...
...
...
...
...
...
...
...
...
...
...
...
...
...
...
...
...
...
...
...
...
...
...
...
...
...
...
...
...
...
...
...
..*
..*
Case #96:
c..*
...*
...*
****
Case #97:
Impossible
Case #98:
c...**********************************************
....**********************************************
...***********************************************
...***********************************************
...***********************************************
...***********************************************
...***********************************************
...***********************************************
...***********************************************
...***********************************************
...***********************************************
...***********************************************
...***********************************************
...***********************************************
...***********************************************
..************************************************
..************************************************
**************************************************
**************************************************
**************************************************
**************************************************
**************************************************
**************************************************
**************************************************
**************************************************
**************************************************
**************************************************
**************************************************
**************************************************
**************************************************
**************************************************
**************************************************
**************************************************
**************************************************
**************************************************
**************************************************
**************************************************
**************************************************
**************************************************
**************************************************
**************************************************
**************************************************
**************************************************
**************************************************
**************************************************
**************************************************
**************************************************
**************************************************
**************************************************
**************************************************
Case #99:
Impossible
Case #100:
Impossible
Case #101:
Impossible
Case #102:
c
.
.
.
.
.
.
.
.
.
.
.
.
.
.
.
.
.
.
.
.
.
.
.
.
.
.
.
.
.
.
.
.
.
.
.
.
.
.
.
.
.
.
.
.
.
.
*
*
*
Case #103:
Impossible
Case #104:
c***
****
****
****
Case #105:
c.............................................****
..............................................****
.............................................*****
.............................................*****
.............................................*****
.............................................*****
.............................................*****
.............................................*****
.............................................*****
.............................................*****
.............................................*****
.............................................*****
.............................................*****
.............................................*****
.............................................*****
.............................................*****
.............................................*****
.............................................*****
.............................................*****
.............................................*****
.............................................*****
.............................................*****
.............................................*****
.............................................*****
.............................................*****
.............................................*****
.............................................*****
.............................................*****
.............................................*****
.............................................*****
.............................................*****
.............................................*****
.............................................*****
.............................................*****
.............................................*****
.............................................*****
.............................................*****
.............................................*****
.............................................*****
.............................................*****
.............................................*****
.............................................*****
.............................................*****
.............................................*****
.............................................*****
.............................................*****
.............................................*****
.............................................*****
.............................................*****
............................................******
Case #106:
c...................................**************
....................................**************
.................................*****************
Case #107:
c...............................................**
................................................**
Case #108:
c.................................................
..................................................
................................................**
Case #109:
c..***********************************************
...***********************************************
..************************************************
..************************************************
..************************************************
..************************************************
..************************************************
..************************************************
..************************************************
..************************************************
..************************************************
..************************************************
..************************************************
..************************************************
..************************************************
..************************************************
..************************************************
..************************************************
..************************************************
..************************************************
..************************************************
..************************************************
..************************************************
..************************************************
..************************************************
**************************************************
**************************************************
**************************************************
**************************************************
**************************************************
**************************************************
**************************************************
**************************************************
**************************************************
**************************************************
**************************************************
**************************************************
**************************************************
**************************************************
**************************************************
**************************************************
**************************************************
**************************************************
**************************************************
**************************************************
**************************************************
**************************************************
**************************************************
**************************************************
**************************************************
Case #110:
c..***********************************************
...***********************************************
..************************************************
..************************************************
..************************************************
..************************************************
..************************************************
..************************************************
..************************************************
..************************************************
..************************************************
..************************************************
..************************************************
..************************************************
..************************************************
..************************************************
..************************************************
..************************************************
..************************************************
..************************************************
..************************************************
..************************************************
..************************************************
..************************************************
..************************************************
..************************************************
..************************************************
..************************************************
..************************************************
..************************************************
..************************************************
..************************************************
..************************************************
..************************************************
..************************************************
..************************************************
..************************************************
..************************************************
..************************************************
..************************************************
..************************************************
..************************************************
..************************************************
..************************************************
..************************************************
..************************************************
..************************************************
..************************************************
**************************************************
**************************************************
Case #111:
c...
....
....
....
Case #112:
c...
....
..**
..**
Case #113:
c.************************************************
..************************************************
**************************************************
**************************************************
**************************************************
**************************************************
**************************************************
**************************************************
**************************************************
**************************************************
**************************************************
**************************************************
**************************************************
**************************************************
**************************************************
**************************************************
**************************************************
**************************************************
**************************************************
**************************************************
**************************************************
**************************************************
**************************************************
**************************************************
**************************************************
**************************************************
**************************************************
**************************************************
**************************************************
**************************************************
**************************************************
**************************************************
**************************************************
**************************************************
**************************************************
**************************************************
**************************************************
**************************************************
**************************************************
**************************************************
**************************************************
**************************************************
**************************************************
**************************************************
**************************************************
**************************************************
**************************************************
**************************************************
**************************************************
**************************************************
Case #114:
c................................................*
.................................................*
................................................**
Case #115:
c.................................................
..................................................
.................................................*
.................................................*
.................................................*
.................................................*
.................................................*
.................................................*
.................................................*
.................................................*
.................................................*
.................................................*
.................................................*
.................................................*
.................................................*
.................................................*
.................................................*
.................................................*
.................................................*
.................................................*
.................................................*
.................................................*
.................................................*
.................................................*
.................................................*
.................................................*
.................................................*
.................................................*
.................................................*
.................................................*
.................................................*
.................................................*
.................................................*
.................................................*
.................................................*
.................................................*
.................................................*
.................................................*
.................................................*
.................................................*
.................................................*
.................................................*
.................................................*
.................................................*
.................................................*
.................................................*
.................................................*
.................................................*
.................................................*
...............................................***
Case #116:
Impossible
Case #117:
c...**********************************************
....**********************************************
...***********************************************
...***********************************************
...***********************************************
...***********************************************
...***********************************************
...***********************************************
...***********************************************
...***********************************************
...***********************************************
...***********************************************
...***********************************************
...***********************************************
...***********************************************
...***********************************************
...***********************************************
...***********************************************
...***********************************************
...***********************************************
...***********************************************
...***********************************************
...***********************************************
...***********************************************
...***********************************************
...***********************************************
...***********************************************
...***********************************************
...***********************************************
...***********************************************
...***********************************************
..************************************************
..************************************************
**************************************************
**************************************************
**************************************************
**************************************************
**************************************************
**************************************************
**************************************************
**************************************************
**************************************************
**************************************************
**************************************************
**************************************************
**************************************************
**************************************************
**************************************************
**************************************************
**************************************************
Case #118:
Impossible
Case #119:
c...........................**********************
............................**********************
Case #120:
c..***********************************************
...***********************************************
..************************************************
**************************************************
**************************************************
**************************************************
**************************************************
**************************************************
**************************************************
**************************************************
**************************************************
**************************************************
**************************************************
**************************************************
**************************************************
**************************************************
**************************************************
**************************************************
**************************************************
**************************************************
**************************************************
**************************************************
**************************************************
**************************************************
**************************************************
**************************************************
**************************************************
**************************************************
**************************************************
**************************************************
**************************************************
**************************************************
**************************************************
**************************************************
**************************************************
**************************************************
**************************************************
**************************************************
**************************************************
**************************************************
**************************************************
**************************************************
**************************************************
**************************************************
**************************************************
**************************************************
**************************************************
**************************************************
**************************************************
**************************************************
Case #121:
Impossible
Case #122:
c.
..
..
..
..
..
..
..
..
..
..
..
..
..
..
..
..
..
..
..
..
..
..
..
..
..
..
..
..
..
..
..
..
..
..
..
..
..
..
..
..
..
..
..
..
..
..
..
..
..
Case #123:
c
.
.
.
.
.
.
.
.
.
.
.
.
.
.
.
.
.
.
.
.
.
.
.
.
.
.
.
.
.
.
.
.
.
.
.
.
.
.
.
.
.
.
.
.
.
.
.
.
.
Case #124:
Impossible
Case #125:
c.................................................
..................................................
.................................................*
.................................................*
.................................................*
.................................................*
.................................................*
.................................................*
.................................................*
.................................................*
.................................................*
.................................................*
.................................................*
.................................................*
.................................................*
.................................................*
.................................................*
.................................................*
.................................................*
.................................................*
.................................................*
.................................................*
.................................................*
.................................................*
.................................................*
.................................................*
.................................................*
.................................................*
.................................................*
.................................................*
.................................................*
.................................................*
.................................................*
.................................................*
.................................................*
.................................................*
.................................................*
.................................................*
.................................................*
.................................................*
.................................................*
.................................................*
.................................................*
.................................................*
.................................................*
.................................................*
.................................................*
.................................................*
.................................................*
.................................................*
Case #126:
c.................................................
..................................................
..................................................
..................................................
..................................................
..................................................
..................................................
..................................................
..................................................
..................................................
..................................................
..................................................
..................................................
..................................................
..................................................
..................................................
..................................................
..................................................
..................................................
..................................................
..................................................
..................................................
..................................................
..................................................
..................................................
..................................................
..................................................
..................................................
..................................................
..................................................
..................................................
..................................................
..................................................
..................................................
..................................................
..................................................
..................................................
..................................................
..................................................
..................................................
..................................................
..................................................
..................................................
..................................................
..................................................
..................................................
..................................................
..................................................
..................................................
..................................................
Case #127:
c..
...
...
...
..*
..*
..*
..*
..*
..*
..*
..*
..*
..*
..*
..*
..*
..*
..*
..*
..*
..*
..*
..*
..*
..*
..*
..*
..*
..*
..*
..*
..*
..*
..*
..*
..*
..*
..*
..*
..*
..*
..*
..*
..*
..*
..*
..*
..*
..*
Case #128:
c.................................................
..................................................
..................................................
..................................................
..................................................
..................................................
..................................................
..................................................
..................................................
..................................................
..................................................
..................................................
..................................................
..................................................
..................................................
..................................................
..................................................
..................................................
..................................................
..................................................
..................................................
..................................................
..................................................
..................................................
..................................................
..................................................
..................................................
..................................................
..................................................
..................................................
..................................................
..................................................
..................................................
..................................................
..................................................
..................................................
..................................................
..................................................
..................................................
..................................................
..................................................
..................................................
..................................................
..................................................
..................................................
..................................................
..................................................
..................................................
..................................................
.................................................*
Case #129:
c..
...
...
...
...
...
..*
..*
..*
..*
..*
..*
..*
..*
..*
..*
..*
..*
..*
..*
..*
..*
..*
..*
..*
..*
..*
..*
..*
..*
..*
..*
..*
..*
..*
..*
..*
..*
..*
..*
..*
..*
..*
..*
..*
..*
..*
..*
..*
..*
Case #130:
c..
...
...
...
...
...
...
..*
..*
..*
..*
..*
..*
..*
..*
..*
..*
..*
..*
..*
..*
..*
..*
..*
..*
..*
..*
..*
..*
..*
..*
..*
..*
..*
..*
..*
..*
..*
..*
..*
..*
..*
..*
..*
..*
..*
..*
..*
..*
..*
Case #131:
Impossible
Case #132:
c.............................................****
..............................................****
.............................................*****
.............................................*****
.............................................*****
.............................................*****
.............................................*****
.............................................*****
.............................................*****
.............................................*****
.............................................*****
.............................................*****
.............................................*****
.............................................*****
.............................................*****
.............................................*****
.............................................*****
.............................................*****
.............................................*****
.............................................*****
.............................................*****
.............................................*****
.............................................*****
.............................................*****
.............................................*****
.............................................*****
.............................................*****
.............................................*****
.............................................*****
.............................................*****
.............................................*****
.............................................*****
.............................................*****
.............................................*****
.............................................*****
.............................................*****
.............................................*****
.............................................*****
.............................................*****
.............................................*****
.............................................*****
.............................................*****
.............................................*****
.............................................*****
.............................................*****
.............................................*****
.............................................*****
.............................................*****
.............................................*****
.............................................*****
Case #133:
Impossible
Case #134:
c
.
.
.
.
.
.
.
.
.
.
.
.
.
.
.
.
.
.
.
.
.
.
.
.
.
.
.
.
.
.
.
.
.
.
.
.
.
.
.
.
.
.
.
.
.
.
.
*
*
